{"C:/Users/Dimitar/Documents/GitHub/best-destinations-2025/client/src/App.jsx": {"path":"C:/Users/Dimitar/Documents/GitHub/best-destinations-2025/client/src/App.jsx","statementMap":{"0":{"start":{"line":25,"column":2},"end":{"line":46,"column":null}}},"fnMap":{"0":{"name":"App","decl":{"start":{"line":23,"column":9},"end":{"line":23,"column":15}},"loc":{"start":{"line":23,"column":15},"end":{"line":48,"column":null}}}},"branchMap":{},"s":{"0":0},"f":{"0":0},"b":{}}
,"C:/Users/Dimitar/Documents/GitHub/best-destinations-2025/client/src/main.jsx": {"path":"C:/Users/Dimitar/Documents/GitHub/best-destinations-2025/client/src/main.jsx","statementMap":{"0":{"start":{"line":7,"column":0},"end":{"line":13,"column":null}}},"fnMap":{},"branchMap":{},"s":{"0":0},"f":{},"b":{}}
,"C:/Users/Dimitar/Documents/GitHub/best-destinations-2025/client/src/api/authApi.js": {"path":"C:/Users/Dimitar/Documents/GitHub/best-destinations-2025/client/src/api/authApi.js","statementMap":{"0":{"start":{"line":7,"column":16},"end":{"line":7,"column":45}},"1":{"start":{"line":9,"column":24},"end":{"line":24,"column":1}},"2":{"start":{"line":11,"column":18},"end":{"line":19,"column":5}},"3":{"start":{"line":12,"column":25},"end":{"line":12,"column":87}},"4":{"start":{"line":14,"column":8},"end":{"line":16,"column":9}},"5":{"start":{"line":15,"column":12},"end":{"line":15,"column":46}},"6":{"start":{"line":18,"column":8},"end":{"line":18,"column":24}},"7":{"start":{"line":21,"column":4},"end":{"line":23,"column":5}},"8":{"start":{"line":26,"column":27},"end":{"line":62,"column":1}},"9":{"start":{"line":28,"column":21},"end":{"line":56,"column":5}},"10":{"start":{"line":30,"column":32},"end":{"line":30,"column":66}},"11":{"start":{"line":31,"column":32},"end":{"line":31,"column":96}},"12":{"start":{"line":33,"column":8},"end":{"line":35,"column":9}},"13":{"start":{"line":34,"column":12},"end":{"line":34,"column":102}},"14":{"start":{"line":37,"column":8},"end":{"line":39,"column":9}},"15":{"start":{"line":38,"column":12},"end":{"line":38,"column":73}},"16":{"start":{"line":41,"column":8},"end":{"line":43,"column":9}},"17":{"start":{"line":42,"column":12},"end":{"line":42,"column":145}},"18":{"start":{"line":45,"column":8},"end":{"line":47,"column":9}},"19":{"start":{"line":46,"column":12},"end":{"line":46,"column":150}},"20":{"start":{"line":49,"column":25},"end":{"line":49,"column":100}},"21":{"start":{"line":51,"column":8},"end":{"line":53,"column":9}},"22":{"start":{"line":52,"column":12},"end":{"line":52,"column":46}},"23":{"start":{"line":55,"column":8},"end":{"line":55,"column":24}},"24":{"start":{"line":59,"column":4},"end":{"line":61,"column":5}},"25":{"start":{"line":64,"column":25},"end":{"line":82,"column":null}},"26":{"start":{"line":66,"column":69},"end":{"line":66,"column":78}},"27":{"start":{"line":68,"column":4},"end":{"line":77,"column":40}},"28":{"start":{"line":70,"column":8},"end":{"line":72,"column":9}},"29":{"start":{"line":71,"column":12},"end":{"line":71,"column":19}},"30":{"start":{"line":74,"column":8},"end":{"line":75,"column":37}},"31":{"start":{"line":79,"column":4},"end":{"line":81,"column":5}}},"fnMap":{"0":{"name":"(anonymous_0)","decl":{"start":{"line":9,"column":24},"end":{"line":9,"column":25}},"loc":{"start":{"line":9,"column":30},"end":{"line":24,"column":1}}},"1":{"name":"(anonymous_1)","decl":{"start":{"line":11,"column":18},"end":{"line":11,"column":23}},"loc":{"start":{"line":11,"column":45},"end":{"line":19,"column":5}}},"2":{"name":"(anonymous_2)","decl":{"start":{"line":26,"column":27},"end":{"line":26,"column":28}},"loc":{"start":{"line":26,"column":33},"end":{"line":62,"column":1}}},"3":{"name":"(anonymous_3)","decl":{"start":{"line":28,"column":21},"end":{"line":28,"column":26}},"loc":{"start":{"line":28,"column":70},"end":{"line":56,"column":5}}},"4":{"name":"(anonymous_4)","decl":{"start":{"line":64,"column":25},"end":{"line":64,"column":26}},"loc":{"start":{"line":64,"column":31},"end":{"line":82,"column":null}}},"5":{"name":"(anonymous_5)","decl":{"start":{"line":68,"column":14},"end":{"line":68,"column":15}},"loc":{"start":{"line":68,"column":20},"end":{"line":77,"column":5}}}},"branchMap":{"0":{"loc":{"start":{"line":14,"column":8},"end":{"line":16,"column":9}},"type":"if","locations":[{"start":{"line":14,"column":8},"end":{"line":16,"column":9}},{"start":{},"end":{}}]},"1":{"loc":{"start":{"line":33,"column":8},"end":{"line":35,"column":9}},"type":"if","locations":[{"start":{"line":33,"column":8},"end":{"line":35,"column":9}},{"start":{},"end":{}}]},"2":{"loc":{"start":{"line":37,"column":8},"end":{"line":39,"column":9}},"type":"if","locations":[{"start":{"line":37,"column":8},"end":{"line":39,"column":9}},{"start":{},"end":{}}]},"3":{"loc":{"start":{"line":41,"column":8},"end":{"line":43,"column":9}},"type":"if","locations":[{"start":{"line":41,"column":8},"end":{"line":43,"column":9}},{"start":{},"end":{}}]},"4":{"loc":{"start":{"line":45,"column":8},"end":{"line":47,"column":9}},"type":"if","locations":[{"start":{"line":45,"column":8},"end":{"line":47,"column":9}},{"start":{},"end":{}}]},"5":{"loc":{"start":{"line":51,"column":8},"end":{"line":53,"column":9}},"type":"if","locations":[{"start":{"line":51,"column":8},"end":{"line":53,"column":9}},{"start":{},"end":{}}]},"6":{"loc":{"start":{"line":70,"column":8},"end":{"line":72,"column":9}},"type":"if","locations":[{"start":{"line":70,"column":8},"end":{"line":72,"column":9}},{"start":{},"end":{}}]}},"s":{"0":0,"1":0,"2":0,"3":0,"4":0,"5":0,"6":0,"7":0,"8":0,"9":0,"10":0,"11":0,"12":0,"13":0,"14":0,"15":0,"16":0,"17":0,"18":0,"19":0,"20":0,"21":0,"22":0,"23":0,"24":0,"25":0,"26":0,"27":0,"28":0,"29":0,"30":0,"31":0},"f":{"0":0,"1":0,"2":0,"3":0,"4":0,"5":0},"b":{"0":[0,0],"1":[0,0],"2":[0,0],"3":[0,0],"4":[0,0],"5":[0,0],"6":[0,0]}}
,"C:/Users/Dimitar/Documents/GitHub/best-destinations-2025/client/src/api/commentsApi.js": {"path":"C:/Users/Dimitar/Documents/GitHub/best-destinations-2025/client/src/api/commentsApi.js","statementMap":{"0":{"start":{"line":8,"column":16},"end":{"line":8,"column":53}},"1":{"start":{"line":10,"column":33},"end":{"line":33,"column":1}},"2":{"start":{"line":11,"column":36},"end":{"line":11,"column":52}},"3":{"start":{"line":12,"column":34},"end":{"line":12,"column":52}},"4":{"start":{"line":14,"column":4},"end":{"line":26,"column":24}},"5":{"start":{"line":16,"column":29},"end":{"line":18,"column":10}},"6":{"start":{"line":20,"column":8},"end":{"line":24,"column":15}},"7":{"start":{"line":22,"column":16},"end":{"line":22,"column":38}},"8":{"start":{"line":23,"column":16},"end":{"line":23,"column":33}},"9":{"start":{"line":28,"column":4},"end":{"line":32,"column":6}},"10":{"start":{"line":35,"column":32},"end":{"line":50,"column":null}},"11":{"start":{"line":36,"column":37},"end":{"line":36,"column":46}},"12":{"start":{"line":38,"column":19},"end":{"line":45,"column":5}},"13":{"start":{"line":40,"column":8},"end":{"line":42,"column":9}},"14":{"start":{"line":41,"column":12},"end":{"line":41,"column":79}},"15":{"start":{"line":44,"column":8},"end":{"line":44,"column":111}},"16":{"start":{"line":47,"column":4},"end":{"line":49,"column":5}}},"fnMap":{"0":{"name":"(anonymous_0)","decl":{"start":{"line":10,"column":33},"end":{"line":10,"column":34}},"loc":{"start":{"line":10,"column":52},"end":{"line":33,"column":1}}},"1":{"name":"(anonymous_1)","decl":{"start":{"line":14,"column":14},"end":{"line":14,"column":15}},"loc":{"start":{"line":14,"column":20},"end":{"line":26,"column":5}}},"2":{"name":"(anonymous_2)","decl":{"start":{"line":21,"column":18},"end":{"line":21,"column":26}},"loc":{"start":{"line":21,"column":30},"end":{"line":24,"column":13}}},"3":{"name":"(anonymous_3)","decl":{"start":{"line":35,"column":32},"end":{"line":35,"column":33}},"loc":{"start":{"line":35,"column":38},"end":{"line":50,"column":null}}},"4":{"name":"(anonymous_4)","decl":{"start":{"line":38,"column":19},"end":{"line":38,"column":20}},"loc":{"start":{"line":38,"column":59},"end":{"line":45,"column":5}}}},"branchMap":{"0":{"loc":{"start":{"line":40,"column":8},"end":{"line":42,"column":9}},"type":"if","locations":[{"start":{"line":40,"column":8},"end":{"line":42,"column":9}},{"start":{},"end":{}}]}},"s":{"0":0,"1":0,"2":0,"3":0,"4":0,"5":0,"6":0,"7":0,"8":0,"9":0,"10":0,"11":0,"12":0,"13":0,"14":0,"15":0,"16":0},"f":{"0":0,"1":0,"2":0,"3":0,"4":0},"b":{"0":[0,0]}}
,"C:/Users/Dimitar/Documents/GitHub/best-destinations-2025/client/src/api/destinationsApi.js": {"path":"C:/Users/Dimitar/Documents/GitHub/best-destinations-2025/client/src/api/destinationsApi.js","statementMap":{"0":{"start":{"line":10,"column":16},"end":{"line":10,"column":57}},"1":{"start":{"line":12,"column":37},"end":{"line":36,"column":1}},"2":{"start":{"line":13,"column":44},"end":{"line":13,"column":60}},"3":{"start":{"line":14,"column":40},"end":{"line":14,"column":57}},"4":{"start":{"line":15,"column":34},"end":{"line":15,"column":52}},"5":{"start":{"line":17,"column":4},"end":{"line":29,"column":11}},"6":{"start":{"line":19,"column":26},"end":{"line":27,"column":9}},"7":{"start":{"line":20,"column":12},"end":{"line":26,"column":13}},"8":{"start":{"line":21,"column":29},"end":{"line":21,"column":58}},"9":{"start":{"line":22,"column":16},"end":{"line":22,"column":38}},"10":{"start":{"line":23,"column":16},"end":{"line":23,"column":34}},"11":{"start":{"line":25,"column":16},"end":{"line":25,"column":43}},"12":{"start":{"line":28,"column":8},"end":{"line":28,"column":20}},"13":{"start":{"line":31,"column":4},"end":{"line":35,"column":5}},"14":{"start":{"line":38,"column":36},"end":{"line":59,"column":1}},"15":{"start":{"line":39,"column":42},"end":{"line":39,"column":58}},"16":{"start":{"line":40,"column":30},"end":{"line":40,"column":41}},"17":{"start":{"line":41,"column":40},"end":{"line":41,"column":57}},"18":{"start":{"line":42,"column":34},"end":{"line":42,"column":52}},"19":{"start":{"line":44,"column":4},"end":{"line":53,"column":10}},"20":{"start":{"line":45,"column":8},"end":{"line":52,"column":14}},"21":{"start":{"line":47,"column":16},"end":{"line":49,"column":17}},"22":{"start":{"line":48,"column":20},"end":{"line":48,"column":59}},"23":{"start":{"line":50,"column":16},"end":{"line":50,"column":33}},"24":{"start":{"line":51,"column":16},"end":{"line":51,"column":41}},"25":{"start":{"line":54,"column":4},"end":{"line":58,"column":5}},"26":{"start":{"line":61,"column":36},"end":{"line":98,"column":1}},"27":{"start":{"line":62,"column":37},"end":{"line":62,"column":46}},"28":{"start":{"line":64,"column":19},"end":{"line":93,"column":5}},"29":{"start":{"line":66,"column":32},"end":{"line":66,"column":79}},"30":{"start":{"line":68,"column":8},"end":{"line":70,"column":9}},"31":{"start":{"line":69,"column":12},"end":{"line":69,"column":71}},"32":{"start":{"line":72,"column":8},"end":{"line":74,"column":9}},"33":{"start":{"line":73,"column":12},"end":{"line":73,"column":68}},"34":{"start":{"line":76,"column":8},"end":{"line":78,"column":9}},"35":{"start":{"line":77,"column":12},"end":{"line":77,"column":83}},"36":{"start":{"line":80,"column":8},"end":{"line":82,"column":9}},"37":{"start":{"line":81,"column":12},"end":{"line":81,"column":60}},"38":{"start":{"line":84,"column":8},"end":{"line":86,"column":9}},"39":{"start":{"line":85,"column":12},"end":{"line":85,"column":118}},"40":{"start":{"line":88,"column":8},"end":{"line":90,"column":9}},"41":{"start":{"line":89,"column":12},"end":{"line":89,"column":77}},"42":{"start":{"line":92,"column":8},"end":{"line":92,"column":119}},"43":{"start":{"line":95,"column":4},"end":{"line":97,"column":5}},"44":{"start":{"line":100,"column":34},"end":{"line":137,"column":1}},"45":{"start":{"line":101,"column":37},"end":{"line":101,"column":46}},"46":{"start":{"line":102,"column":30},"end":{"line":102,"column":47}},"47":{"start":{"line":103,"column":17},"end":{"line":132,"column":5}},"48":{"start":{"line":105,"column":32},"end":{"line":105,"column":79}},"49":{"start":{"line":107,"column":8},"end":{"line":109,"column":9}},"50":{"start":{"line":108,"column":12},"end":{"line":108,"column":71}},"51":{"start":{"line":111,"column":8},"end":{"line":113,"column":9}},"52":{"start":{"line":112,"column":12},"end":{"line":112,"column":68}},"53":{"start":{"line":115,"column":8},"end":{"line":117,"column":9}},"54":{"start":{"line":116,"column":12},"end":{"line":116,"column":83}},"55":{"start":{"line":119,"column":8},"end":{"line":121,"column":9}},"56":{"start":{"line":120,"column":12},"end":{"line":120,"column":60}},"57":{"start":{"line":123,"column":8},"end":{"line":125,"column":9}},"58":{"start":{"line":124,"column":12},"end":{"line":124,"column":118}},"59":{"start":{"line":127,"column":8},"end":{"line":129,"column":9}},"60":{"start":{"line":128,"column":12},"end":{"line":128,"column":77}},"61":{"start":{"line":131,"column":8},"end":{"line":131,"column":120}},"62":{"start":{"line":134,"column":4},"end":{"line":136,"column":5}},"63":{"start":{"line":139,"column":36},"end":{"line":146,"column":1}},"64":{"start":{"line":140,"column":37},"end":{"line":140,"column":46}},"65":{"start":{"line":141,"column":30},"end":{"line":141,"column":125}},"66":{"start":{"line":141,"column":49},"end":{"line":141,"column":125}},"67":{"start":{"line":143,"column":4},"end":{"line":145,"column":5}},"68":{"start":{"line":148,"column":37},"end":{"line":176,"column":1}},"69":{"start":{"line":150,"column":56},"end":{"line":150,"column":72}},"70":{"start":{"line":151,"column":30},"end":{"line":151,"column":47}},"71":{"start":{"line":152,"column":34},"end":{"line":152,"column":52}},"72":{"start":{"line":154,"column":4},"end":{"line":169,"column":11}},"73":{"start":{"line":155,"column":29},"end":{"line":159,"column":10}},"74":{"start":{"line":161,"column":8},"end":{"line":168,"column":15}},"75":{"start":{"line":163,"column":16},"end":{"line":163,"column":34}},"76":{"start":{"line":164,"column":16},"end":{"line":164,"column":54}},"77":{"start":{"line":167,"column":16},"end":{"line":167,"column":38}},"78":{"start":{"line":171,"column":4},"end":{"line":175,"column":5}}},"fnMap":{"0":{"name":"(anonymous_0)","decl":{"start":{"line":12,"column":37},"end":{"line":12,"column":38}},"loc":{"start":{"line":12,"column":43},"end":{"line":36,"column":1}}},"1":{"name":"(anonymous_1)","decl":{"start":{"line":17,"column":14},"end":{"line":17,"column":15}},"loc":{"start":{"line":17,"column":20},"end":{"line":29,"column":5}}},"2":{"name":"(anonymous_2)","decl":{"start":{"line":19,"column":26},"end":{"line":19,"column":31}},"loc":{"start":{"line":19,"column":38},"end":{"line":27,"column":9}}},"3":{"name":"(anonymous_3)","decl":{"start":{"line":38,"column":36},"end":{"line":38,"column":37}},"loc":{"start":{"line":38,"column":42},"end":{"line":59,"column":1}}},"4":{"name":"(anonymous_4)","decl":{"start":{"line":44,"column":14},"end":{"line":44,"column":15}},"loc":{"start":{"line":44,"column":20},"end":{"line":53,"column":5}}},"5":{"name":"(anonymous_5)","decl":{"start":{"line":46,"column":18},"end":{"line":46,"column":26}},"loc":{"start":{"line":46,"column":30},"end":{"line":52,"column":13}}},"6":{"name":"(anonymous_6)","decl":{"start":{"line":61,"column":36},"end":{"line":61,"column":37}},"loc":{"start":{"line":61,"column":42},"end":{"line":98,"column":1}}},"7":{"name":"(anonymous_7)","decl":{"start":{"line":64,"column":19},"end":{"line":64,"column":20}},"loc":{"start":{"line":64,"column":76},"end":{"line":93,"column":5}}},"8":{"name":"(anonymous_8)","decl":{"start":{"line":100,"column":34},"end":{"line":100,"column":35}},"loc":{"start":{"line":100,"column":40},"end":{"line":137,"column":1}}},"9":{"name":"(anonymous_9)","decl":{"start":{"line":103,"column":17},"end":{"line":103,"column":18}},"loc":{"start":{"line":103,"column":53},"end":{"line":132,"column":5}}},"10":{"name":"(anonymous_10)","decl":{"start":{"line":139,"column":36},"end":{"line":139,"column":37}},"loc":{"start":{"line":139,"column":42},"end":{"line":146,"column":1}}},"11":{"name":"(anonymous_11)","decl":{"start":{"line":141,"column":30},"end":{"line":141,"column":31}},"loc":{"start":{"line":141,"column":49},"end":{"line":141,"column":125}}},"12":{"name":"(anonymous_12)","decl":{"start":{"line":148,"column":37},"end":{"line":148,"column":38}},"loc":{"start":{"line":148,"column":43},"end":{"line":176,"column":1}}},"13":{"name":"(anonymous_13)","decl":{"start":{"line":154,"column":14},"end":{"line":154,"column":15}},"loc":{"start":{"line":154,"column":20},"end":{"line":169,"column":5}}},"14":{"name":"(anonymous_14)","decl":{"start":{"line":162,"column":18},"end":{"line":162,"column":26}},"loc":{"start":{"line":162,"column":30},"end":{"line":165,"column":13}}},"15":{"name":"(anonymous_15)","decl":{"start":{"line":166,"column":19},"end":{"line":166,"column":22}},"loc":{"start":{"line":166,"column":26},"end":{"line":168,"column":13}}}},"branchMap":{"0":{"loc":{"start":{"line":47,"column":16},"end":{"line":49,"column":17}},"type":"if","locations":[{"start":{"line":47,"column":16},"end":{"line":49,"column":17}},{"start":{},"end":{}}]},"1":{"loc":{"start":{"line":68,"column":8},"end":{"line":70,"column":9}},"type":"if","locations":[{"start":{"line":68,"column":8},"end":{"line":70,"column":9}},{"start":{},"end":{}}]},"2":{"loc":{"start":{"line":72,"column":8},"end":{"line":74,"column":9}},"type":"if","locations":[{"start":{"line":72,"column":8},"end":{"line":74,"column":9}},{"start":{},"end":{}}]},"3":{"loc":{"start":{"line":76,"column":8},"end":{"line":78,"column":9}},"type":"if","locations":[{"start":{"line":76,"column":8},"end":{"line":78,"column":9}},{"start":{},"end":{}}]},"4":{"loc":{"start":{"line":80,"column":8},"end":{"line":82,"column":9}},"type":"if","locations":[{"start":{"line":80,"column":8},"end":{"line":82,"column":9}},{"start":{},"end":{}}]},"5":{"loc":{"start":{"line":84,"column":8},"end":{"line":86,"column":9}},"type":"if","locations":[{"start":{"line":84,"column":8},"end":{"line":86,"column":9}},{"start":{},"end":{}}]},"6":{"loc":{"start":{"line":88,"column":8},"end":{"line":90,"column":9}},"type":"if","locations":[{"start":{"line":88,"column":8},"end":{"line":90,"column":9}},{"start":{},"end":{}}]},"7":{"loc":{"start":{"line":107,"column":8},"end":{"line":109,"column":9}},"type":"if","locations":[{"start":{"line":107,"column":8},"end":{"line":109,"column":9}},{"start":{},"end":{}}]},"8":{"loc":{"start":{"line":111,"column":8},"end":{"line":113,"column":9}},"type":"if","locations":[{"start":{"line":111,"column":8},"end":{"line":113,"column":9}},{"start":{},"end":{}}]},"9":{"loc":{"start":{"line":115,"column":8},"end":{"line":117,"column":9}},"type":"if","locations":[{"start":{"line":115,"column":8},"end":{"line":117,"column":9}},{"start":{},"end":{}}]},"10":{"loc":{"start":{"line":119,"column":8},"end":{"line":121,"column":9}},"type":"if","locations":[{"start":{"line":119,"column":8},"end":{"line":121,"column":9}},{"start":{},"end":{}}]},"11":{"loc":{"start":{"line":123,"column":8},"end":{"line":125,"column":9}},"type":"if","locations":[{"start":{"line":123,"column":8},"end":{"line":125,"column":9}},{"start":{},"end":{}}]},"12":{"loc":{"start":{"line":127,"column":8},"end":{"line":129,"column":9}},"type":"if","locations":[{"start":{"line":127,"column":8},"end":{"line":129,"column":9}},{"start":{},"end":{}}]}},"s":{"0":0,"1":0,"2":0,"3":0,"4":0,"5":0,"6":0,"7":0,"8":0,"9":0,"10":0,"11":0,"12":0,"13":0,"14":0,"15":0,"16":0,"17":0,"18":0,"19":0,"20":0,"21":0,"22":0,"23":0,"24":0,"25":0,"26":0,"27":0,"28":0,"29":0,"30":0,"31":0,"32":0,"33":0,"34":0,"35":0,"36":0,"37":0,"38":0,"39":0,"40":0,"41":0,"42":0,"43":0,"44":0,"45":0,"46":0,"47":0,"48":0,"49":0,"50":0,"51":0,"52":0,"53":0,"54":0,"55":0,"56":0,"57":0,"58":0,"59":0,"60":0,"61":0,"62":0,"63":0,"64":0,"65":0,"66":0,"67":0,"68":0,"69":0,"70":0,"71":0,"72":0,"73":0,"74":0,"75":0,"76":0,"77":0,"78":0},"f":{"0":0,"1":0,"2":0,"3":0,"4":0,"5":0,"6":0,"7":0,"8":0,"9":0,"10":0,"11":0,"12":0,"13":0,"14":0,"15":0},"b":{"0":[0,0],"1":[0,0],"2":[0,0],"3":[0,0],"4":[0,0],"5":[0,0],"6":[0,0],"7":[0,0],"8":[0,0],"9":[0,0],"10":[0,0],"11":[0,0],"12":[0,0]}}
,"C:/Users/Dimitar/Documents/GitHub/best-destinations-2025/client/src/api/likesApi.js": {"path":"C:/Users/Dimitar/Documents/GitHub/best-destinations-2025/client/src/api/likesApi.js","statementMap":{"0":{"start":{"line":8,"column":16},"end":{"line":8,"column":50}},"1":{"start":{"line":10,"column":27},"end":{"line":25,"column":1}},"2":{"start":{"line":11,"column":30},"end":{"line":11,"column":48}},"3":{"start":{"line":13,"column":4},"end":{"line":19,"column":10}},"4":{"start":{"line":14,"column":29},"end":{"line":16,"column":10}},"5":{"start":{"line":17,"column":8},"end":{"line":18,"column":28}},"6":{"start":{"line":21,"column":4},"end":{"line":24,"column":5}},"7":{"start":{"line":27,"column":29},"end":{"line":34,"column":null}},"8":{"start":{"line":28,"column":37},"end":{"line":28,"column":46}},"9":{"start":{"line":29,"column":19},"end":{"line":29,"column":119}},"10":{"start":{"line":29,"column":46},"end":{"line":29,"column":119}},"11":{"start":{"line":31,"column":4},"end":{"line":33,"column":5}}},"fnMap":{"0":{"name":"(anonymous_0)","decl":{"start":{"line":10,"column":27},"end":{"line":10,"column":28}},"loc":{"start":{"line":10,"column":46},"end":{"line":25,"column":1}}},"1":{"name":"(anonymous_1)","decl":{"start":{"line":13,"column":14},"end":{"line":13,"column":15}},"loc":{"start":{"line":13,"column":20},"end":{"line":19,"column":5}}},"2":{"name":"(anonymous_2)","decl":{"start":{"line":27,"column":29},"end":{"line":27,"column":30}},"loc":{"start":{"line":27,"column":35},"end":{"line":34,"column":null}}},"3":{"name":"(anonymous_3)","decl":{"start":{"line":29,"column":19},"end":{"line":29,"column":20}},"loc":{"start":{"line":29,"column":46},"end":{"line":29,"column":119}}}},"branchMap":{},"s":{"0":0,"1":0,"2":0,"3":0,"4":0,"5":0,"6":0,"7":0,"8":0,"9":0,"10":0,"11":0},"f":{"0":0,"1":0,"2":0,"3":0},"b":{}}
,"C:/Users/Dimitar/Documents/GitHub/best-destinations-2025/client/src/components/about/About.jsx": {"path":"C:/Users/Dimitar/Documents/GitHub/best-destinations-2025/client/src/components/about/About.jsx","statementMap":{"0":{"start":{"line":2,"column":4},"end":{"line":2,"column":null}},"1":{"start":{"line":4,"column":4},"end":{"line":67,"column":null}}},"fnMap":{"0":{"name":"About","decl":{"start":{"line":1,"column":24},"end":{"line":1,"column":32}},"loc":{"start":{"line":1,"column":32},"end":{"line":69,"column":null}}}},"branchMap":{},"s":{"0":0,"1":0},"f":{"0":0},"b":{}}
,"C:/Users/Dimitar/Documents/GitHub/best-destinations-2025/client/src/components/destination-comments/Comments.jsx": {"path":"C:/Users/Dimitar/Documents/GitHub/best-destinations-2025/client/src/components/destination-comments/Comments.jsx","statementMap":{"0":{"start":{"line":16,"column":30},"end":{"line":16,"column":null}},"1":{"start":{"line":18,"column":47},"end":{"line":18,"column":null}},"2":{"start":{"line":19,"column":23},"end":{"line":19,"column":null}},"3":{"start":{"line":20,"column":47},"end":{"line":20,"column":null}},"4":{"start":{"line":21,"column":30},"end":{"line":21,"column":null}},"5":{"start":{"line":22,"column":54},"end":{"line":22,"column":null}},"6":{"start":{"line":22,"column":101},"end":{"line":22,"column":123}},"7":{"start":{"line":24,"column":30},"end":{"line":49,"column":null}},"8":{"start":{"line":26,"column":24},"end":{"line":26,"column":null}},"9":{"start":{"line":28,"column":37},"end":{"line":35,"column":null}},"10":{"start":{"line":37,"column":8},"end":{"line":48,"column":null}},"11":{"start":{"line":38,"column":12},"end":{"line":38,"column":null}},"12":{"start":{"line":40,"column":31},"end":{"line":40,"column":null}},"13":{"start":{"line":41,"column":12},"end":{"line":41,"column":null}},"14":{"start":{"line":41,"column":33},"end":{"line":41,"column":55}},"15":{"start":{"line":44,"column":12},"end":{"line":44,"column":null}},"16":{"start":{"line":45,"column":12},"end":{"line":47,"column":null}},"17":{"start":{"line":46,"column":16},"end":{"line":46,"column":null}},"18":{"start":{"line":51,"column":4},"end":{"line":106,"column":null}},"19":{"start":{"line":88,"column":24},"end":{"line":97,"column":null}}},"fnMap":{"0":{"name":"Comments","decl":{"start":{"line":12,"column":24},"end":{"line":12,"column":33}},"loc":{"start":{"line":14,"column":3},"end":{"line":108,"column":null}}},"1":{"name":"(anonymous_1)","decl":{"start":{"line":22,"column":78},"end":{"line":22,"column":79}},"loc":{"start":{"line":22,"column":101},"end":{"line":22,"column":123}}},"2":{"name":"(anonymous_2)","decl":{"start":{"line":24,"column":30},"end":{"line":24,"column":37}},"loc":{"start":{"line":24,"column":50},"end":{"line":49,"column":null}}},"3":{"name":"(anonymous_3)","decl":{"start":{"line":41,"column":24},"end":{"line":41,"column":33}},"loc":{"start":{"line":41,"column":33},"end":{"line":41,"column":55}}},"4":{"name":"(anonymous_4)","decl":{"start":{"line":45,"column":23},"end":{"line":45,"column":29}},"loc":{"start":{"line":45,"column":29},"end":{"line":47,"column":15}}},"5":{"name":"(anonymous_5)","decl":{"start":{"line":87,"column":44},"end":{"line":87,"column":null}},"loc":{"start":{"line":88,"column":24},"end":{"line":97,"column":null}}}},"branchMap":{"0":{"loc":{"start":{"line":54,"column":13},"end":{"line":57,"column":null}},"type":"binary-expr","locations":[{"start":{"line":54,"column":13},"end":{"line":54,"column":null}},{"start":{"line":55,"column":16},"end":{"line":57,"column":null}}]},"1":{"loc":{"start":{"line":64,"column":17},"end":{"line":84,"column":null}},"type":"cond-expr","locations":[{"start":{"line":66,"column":24},"end":{"line":82,"column":null}},{"start":{"line":84,"column":22},"end":{"line":84,"column":null}}]},"2":{"loc":{"start":{"line":66,"column":24},"end":{"line":82,"column":null}},"type":"cond-expr","locations":[{"start":{"line":69,"column":36},"end":{"line":80,"column":null}},{"start":{"line":82,"column":33},"end":{"line":82,"column":null}}]},"3":{"loc":{"start":{"line":86,"column":17},"end":{"line":103,"column":null}},"type":"cond-expr","locations":[{"start":{"line":87,"column":22},"end":{"line":98,"column":null}},{"start":{"line":99,"column":22},"end":{"line":103,"column":null}}]},"4":{"loc":{"start":{"line":88,"column":79},"end":{"line":88,"column":123}},"type":"cond-expr","locations":[{"start":{"line":88,"column":97},"end":{"line":88,"column":113}},{"start":{"line":88,"column":113},"end":{"line":88,"column":123}}]},"5":{"loc":{"start":{"line":92,"column":37},"end":{"line":92,"column":null}},"type":"cond-expr","locations":[{"start":{"line":92,"column":55},"end":{"line":92,"column":60}},{"start":{"line":92,"column":60},"end":{"line":92,"column":null}}]},"6":{"loc":{"start":{"line":95,"column":29},"end":{"line":95,"column":null}},"type":"cond-expr","locations":[{"start":{"line":95,"column":47},"end":{"line":95,"column":112}},{"start":{"line":95,"column":112},"end":{"line":95,"column":null}}]},"7":{"loc":{"start":{"line":99,"column":22},"end":{"line":103,"column":null}},"type":"cond-expr","locations":[{"start":{"line":100,"column":24},"end":{"line":102,"column":null}},{"start":{"line":103,"column":24},"end":{"line":103,"column":null}}]}},"s":{"0":0,"1":0,"2":0,"3":0,"4":0,"5":0,"6":0,"7":0,"8":0,"9":0,"10":0,"11":0,"12":0,"13":0,"14":0,"15":0,"16":0,"17":0,"18":0,"19":0},"f":{"0":0,"1":0,"2":0,"3":0,"4":0,"5":0},"b":{"0":[0,0],"1":[0,0],"2":[0,0],"3":[0,0],"4":[0,0],"5":[0,0],"6":[0,0],"7":[0,0]}}
,"C:/Users/Dimitar/Documents/GitHub/best-destinations-2025/client/src/components/destination-create/Create.jsx": {"path":"C:/Users/Dimitar/Documents/GitHub/best-destinations-2025/client/src/components/destination-create/Create.jsx","statementMap":{"0":{"start":{"line":11,"column":2},"end":{"line":11,"column":null}},"1":{"start":{"line":13,"column":19},"end":{"line":13,"column":null}},"2":{"start":{"line":14,"column":21},"end":{"line":14,"column":null}},"3":{"start":{"line":15,"column":28},"end":{"line":15,"column":null}},"4":{"start":{"line":16,"column":36},"end":{"line":23,"column":null}},"5":{"start":{"line":25,"column":24},"end":{"line":27,"column":null}},"6":{"start":{"line":26,"column":4},"end":{"line":26,"column":null}},"7":{"start":{"line":29,"column":28},"end":{"line":44,"column":null}},"8":{"start":{"line":30,"column":4},"end":{"line":30,"column":null}},"9":{"start":{"line":32,"column":4},"end":{"line":43,"column":null}},"10":{"start":{"line":33,"column":6},"end":{"line":33,"column":null}},"11":{"start":{"line":34,"column":6},"end":{"line":34,"column":null}},"12":{"start":{"line":37,"column":6},"end":{"line":37,"column":null}},"13":{"start":{"line":39,"column":6},"end":{"line":42,"column":null}},"14":{"start":{"line":41,"column":8},"end":{"line":41,"column":null}},"15":{"start":{"line":46,"column":2},"end":{"line":152,"column":null}}},"fnMap":{"0":{"name":"Create","decl":{"start":{"line":10,"column":24},"end":{"line":10,"column":33}},"loc":{"start":{"line":10,"column":33},"end":{"line":154,"column":null}}},"1":{"name":"(anonymous_1)","decl":{"start":{"line":25,"column":24},"end":{"line":25,"column":25}},"loc":{"start":{"line":25,"column":31},"end":{"line":27,"column":null}}},"2":{"name":"(anonymous_2)","decl":{"start":{"line":29,"column":28},"end":{"line":29,"column":35}},"loc":{"start":{"line":29,"column":41},"end":{"line":44,"column":null}}},"3":{"name":"(anonymous_3)","decl":{"start":{"line":39,"column":17},"end":{"line":39,"column":23}},"loc":{"start":{"line":39,"column":23},"end":{"line":42,"column":9}}}},"branchMap":{"0":{"loc":{"start":{"line":63,"column":11},"end":{"line":69,"column":null}},"type":"binary-expr","locations":[{"start":{"line":63,"column":11},"end":{"line":63,"column":null}},{"start":{"line":64,"column":12},"end":{"line":69,"column":null}}]}},"s":{"0":0,"1":0,"2":0,"3":0,"4":0,"5":0,"6":0,"7":0,"8":0,"9":0,"10":0,"11":0,"12":0,"13":0,"14":0,"15":0},"f":{"0":0,"1":0,"2":0,"3":0},"b":{"0":[0,0]}}
,"C:/Users/Dimitar/Documents/GitHub/best-destinations-2025/client/src/components/destination-details/Details.jsx": {"path":"C:/Users/Dimitar/Documents/GitHub/best-destinations-2025/client/src/components/destination-details/Details.jsx","statementMap":{"0":{"start":{"line":14,"column":4},"end":{"line":14,"column":null}},"1":{"start":{"line":16,"column":21},"end":{"line":16,"column":null}},"2":{"start":{"line":17,"column":30},"end":{"line":17,"column":null}},"3":{"start":{"line":18,"column":49},"end":{"line":18,"column":null}},"4":{"start":{"line":19,"column":34},"end":{"line":19,"column":null}},"5":{"start":{"line":20,"column":45},"end":{"line":20,"column":null}},"6":{"start":{"line":21,"column":48},"end":{"line":21,"column":null}},"7":{"start":{"line":22,"column":42},"end":{"line":22,"column":null}},"8":{"start":{"line":23,"column":23},"end":{"line":23,"column":null}},"9":{"start":{"line":24,"column":32},"end":{"line":24,"column":null}},"10":{"start":{"line":25,"column":38},"end":{"line":25,"column":null}},"11":{"start":{"line":26,"column":52},"end":{"line":26,"column":null}},"12":{"start":{"line":28,"column":22},"end":{"line":28,"column":null}},"13":{"start":{"line":29,"column":23},"end":{"line":29,"column":null}},"14":{"start":{"line":30,"column":4},"end":{"line":32,"column":null}},"15":{"start":{"line":31,"column":8},"end":{"line":31,"column":null}},"16":{"start":{"line":31,"column":42},"end":{"line":31,"column":64}},"17":{"start":{"line":34,"column":31},"end":{"line":49,"column":null}},"18":{"start":{"line":35,"column":27},"end":{"line":35,"column":null}},"19":{"start":{"line":36,"column":8},"end":{"line":38,"column":null}},"20":{"start":{"line":37,"column":12},"end":{"line":37,"column":null}},"21":{"start":{"line":39,"column":8},"end":{"line":48,"column":null}},"22":{"start":{"line":40,"column":12},"end":{"line":40,"column":null}},"23":{"start":{"line":41,"column":12},"end":{"line":41,"column":null}},"24":{"start":{"line":43,"column":12},"end":{"line":43,"column":null}},"25":{"start":{"line":45,"column":12},"end":{"line":47,"column":null}},"26":{"start":{"line":46,"column":16},"end":{"line":46,"column":null}},"27":{"start":{"line":51,"column":30},"end":{"line":85,"column":null}},"28":{"start":{"line":52,"column":8},"end":{"line":59,"column":null}},"29":{"start":{"line":53,"column":12},"end":{"line":53,"column":null}},"30":{"start":{"line":55,"column":12},"end":{"line":57,"column":null}},"31":{"start":{"line":56,"column":16},"end":{"line":56,"column":null}},"32":{"start":{"line":58,"column":12},"end":{"line":58,"column":null}},"33":{"start":{"line":61,"column":8},"end":{"line":68,"column":null}},"34":{"start":{"line":62,"column":12},"end":{"line":62,"column":null}},"35":{"start":{"line":64,"column":12},"end":{"line":66,"column":null}},"36":{"start":{"line":65,"column":16},"end":{"line":65,"column":null}},"37":{"start":{"line":67,"column":12},"end":{"line":67,"column":null}},"38":{"start":{"line":70,"column":8},"end":{"line":77,"column":null}},"39":{"start":{"line":71,"column":12},"end":{"line":71,"column":null}},"40":{"start":{"line":73,"column":12},"end":{"line":75,"column":null}},"41":{"start":{"line":74,"column":16},"end":{"line":74,"column":null}},"42":{"start":{"line":76,"column":12},"end":{"line":76,"column":null}},"43":{"start":{"line":79,"column":8},"end":{"line":84,"column":null}},"44":{"start":{"line":80,"column":29},"end":{"line":80,"column":null}},"45":{"start":{"line":81,"column":12},"end":{"line":81,"column":null}},"46":{"start":{"line":81,"column":31},"end":{"line":81,"column":52}},"47":{"start":{"line":83,"column":12},"end":{"line":83,"column":null}},"48":{"start":{"line":87,"column":4},"end":{"line":201,"column":null}}},"fnMap":{"0":{"name":"Details","decl":{"start":{"line":12,"column":24},"end":{"line":12,"column":34}},"loc":{"start":{"line":12,"column":34},"end":{"line":203,"column":null}}},"1":{"name":"(anonymous_1)","decl":{"start":{"line":31,"column":34},"end":{"line":31,"column":42}},"loc":{"start":{"line":31,"column":42},"end":{"line":31,"column":64}}},"2":{"name":"(anonymous_2)","decl":{"start":{"line":34,"column":31},"end":{"line":34,"column":43}},"loc":{"start":{"line":34,"column":43},"end":{"line":49,"column":null}}},"3":{"name":"(anonymous_3)","decl":{"start":{"line":45,"column":23},"end":{"line":45,"column":29}},"loc":{"start":{"line":45,"column":29},"end":{"line":47,"column":15}}},"4":{"name":"(anonymous_4)","decl":{"start":{"line":51,"column":30},"end":{"line":51,"column":37}},"loc":{"start":{"line":51,"column":43},"end":{"line":85,"column":null}}},"5":{"name":"(anonymous_5)","decl":{"start":{"line":55,"column":23},"end":{"line":55,"column":29}},"loc":{"start":{"line":55,"column":29},"end":{"line":57,"column":15}}},"6":{"name":"(anonymous_6)","decl":{"start":{"line":64,"column":23},"end":{"line":64,"column":29}},"loc":{"start":{"line":64,"column":29},"end":{"line":66,"column":15}}},"7":{"name":"(anonymous_7)","decl":{"start":{"line":73,"column":23},"end":{"line":73,"column":29}},"loc":{"start":{"line":73,"column":29},"end":{"line":75,"column":15}}},"8":{"name":"(anonymous_8)","decl":{"start":{"line":81,"column":21},"end":{"line":81,"column":31}},"loc":{"start":{"line":81,"column":31},"end":{"line":81,"column":52}}}},"branchMap":{"0":{"loc":{"start":{"line":30,"column":4},"end":{"line":32,"column":null}},"type":"if","locations":[{"start":{"line":30,"column":4},"end":{"line":32,"column":null}},{"start":{},"end":{}}]},"1":{"loc":{"start":{"line":36,"column":8},"end":{"line":38,"column":null}},"type":"if","locations":[{"start":{"line":36,"column":8},"end":{"line":38,"column":null}},{"start":{},"end":{}}]},"2":{"loc":{"start":{"line":52,"column":8},"end":{"line":59,"column":null}},"type":"if","locations":[{"start":{"line":52,"column":8},"end":{"line":59,"column":null}},{"start":{},"end":{}}]},"3":{"loc":{"start":{"line":61,"column":8},"end":{"line":68,"column":null}},"type":"if","locations":[{"start":{"line":61,"column":8},"end":{"line":68,"column":null}},{"start":{},"end":{}}]},"4":{"loc":{"start":{"line":70,"column":8},"end":{"line":77,"column":null}},"type":"if","locations":[{"start":{"line":70,"column":8},"end":{"line":77,"column":null}},{"start":{},"end":{}}]},"5":{"loc":{"start":{"line":90,"column":13},"end":{"line":199,"column":null}},"type":"cond-expr","locations":[{"start":{"line":91,"column":16},"end":{"line":93,"column":null}},{"start":{"line":94,"column":16},"end":{"line":199,"column":null}}]},"6":{"loc":{"start":{"line":94,"column":16},"end":{"line":199,"column":null}},"type":"cond-expr","locations":[{"start":{"line":95,"column":16},"end":{"line":192,"column":null}},{"start":{"line":194,"column":16},"end":{"line":199,"column":null}}]},"7":{"loc":{"start":{"line":149,"column":157},"end":{"line":149,"column":188}},"type":"cond-expr","locations":[{"start":{"line":149,"column":172},"end":{"line":149,"column":180}},{"start":{"line":149,"column":180},"end":{"line":149,"column":188}}]},"8":{"loc":{"start":{"line":157,"column":21},"end":{"line":160,"column":null}},"type":"binary-expr","locations":[{"start":{"line":157,"column":21},"end":{"line":157,"column":null}},{"start":{"line":158,"column":24},"end":{"line":160,"column":null}}]},"9":{"loc":{"start":{"line":163,"column":21},"end":{"line":166,"column":null}},"type":"binary-expr","locations":[{"start":{"line":163,"column":21},"end":{"line":163,"column":null}},{"start":{"line":164,"column":24},"end":{"line":166,"column":null}}]},"10":{"loc":{"start":{"line":169,"column":21},"end":{"line":172,"column":null}},"type":"binary-expr","locations":[{"start":{"line":169,"column":21},"end":{"line":169,"column":null}},{"start":{"line":170,"column":24},"end":{"line":172,"column":null}}]},"11":{"loc":{"start":{"line":175,"column":21},"end":{"line":178,"column":null}},"type":"binary-expr","locations":[{"start":{"line":175,"column":21},"end":{"line":175,"column":null}},{"start":{"line":176,"column":24},"end":{"line":178,"column":null}}]},"12":{"loc":{"start":{"line":181,"column":21},"end":{"line":189,"column":null}},"type":"binary-expr","locations":[{"start":{"line":181,"column":21},"end":{"line":181,"column":null}},{"start":{"line":182,"column":24},"end":{"line":189,"column":null}}]}},"s":{"0":0,"1":0,"2":0,"3":0,"4":0,"5":0,"6":0,"7":0,"8":0,"9":0,"10":0,"11":0,"12":0,"13":0,"14":0,"15":0,"16":0,"17":0,"18":0,"19":0,"20":0,"21":0,"22":0,"23":0,"24":0,"25":0,"26":0,"27":0,"28":0,"29":0,"30":0,"31":0,"32":0,"33":0,"34":0,"35":0,"36":0,"37":0,"38":0,"39":0,"40":0,"41":0,"42":0,"43":0,"44":0,"45":0,"46":0,"47":0,"48":0},"f":{"0":0,"1":0,"2":0,"3":0,"4":0,"5":0,"6":0,"7":0,"8":0},"b":{"0":[0,0],"1":[0,0],"2":[0,0],"3":[0,0],"4":[0,0],"5":[0,0],"6":[0,0],"7":[0,0],"8":[0,0],"9":[0,0],"10":[0,0],"11":[0,0],"12":[0,0]}}
,"C:/Users/Dimitar/Documents/GitHub/best-destinations-2025/client/src/components/destination-edit/Edit.jsx": {"path":"C:/Users/Dimitar/Documents/GitHub/best-destinations-2025/client/src/components/destination-edit/Edit.jsx","statementMap":{"0":{"start":{"line":10,"column":21},"end":{"line":10,"column":null}},"1":{"start":{"line":11,"column":30},"end":{"line":11,"column":null}},"2":{"start":{"line":12,"column":37},"end":{"line":12,"column":null}},"3":{"start":{"line":13,"column":21},"end":{"line":13,"column":null}},"4":{"start":{"line":14,"column":30},"end":{"line":14,"column":null}},"5":{"start":{"line":16,"column":31},"end":{"line":19,"column":null}},"6":{"start":{"line":17,"column":8},"end":{"line":17,"column":null}},"7":{"start":{"line":18,"column":8},"end":{"line":18,"column":null}},"8":{"start":{"line":21,"column":30},"end":{"line":37,"column":null}},"9":{"start":{"line":22,"column":8},"end":{"line":22,"column":null}},"10":{"start":{"line":24,"column":25},"end":{"line":24,"column":null}},"11":{"start":{"line":25,"column":21},"end":{"line":25,"column":null}},"12":{"start":{"line":27,"column":8},"end":{"line":36,"column":null}},"13":{"start":{"line":28,"column":12},"end":{"line":28,"column":null}},"14":{"start":{"line":29,"column":12},"end":{"line":29,"column":null}},"15":{"start":{"line":31,"column":12},"end":{"line":31,"column":null}},"16":{"start":{"line":33,"column":12},"end":{"line":35,"column":null}},"17":{"start":{"line":34,"column":16},"end":{"line":34,"column":null}},"18":{"start":{"line":39,"column":4},"end":{"line":143,"column":null}}},"fnMap":{"0":{"name":"Edit","decl":{"start":{"line":8,"column":24},"end":{"line":8,"column":31}},"loc":{"start":{"line":8,"column":31},"end":{"line":145,"column":null}}},"1":{"name":"(anonymous_1)","decl":{"start":{"line":16,"column":31},"end":{"line":16,"column":32}},"loc":{"start":{"line":16,"column":38},"end":{"line":19,"column":null}}},"2":{"name":"(anonymous_2)","decl":{"start":{"line":21,"column":30},"end":{"line":21,"column":37}},"loc":{"start":{"line":21,"column":43},"end":{"line":37,"column":null}}},"3":{"name":"(anonymous_3)","decl":{"start":{"line":33,"column":23},"end":{"line":33,"column":29}},"loc":{"start":{"line":33,"column":29},"end":{"line":35,"column":15}}}},"branchMap":{"0":{"loc":{"start":{"line":56,"column":21},"end":{"line":62,"column":null}},"type":"binary-expr","locations":[{"start":{"line":56,"column":21},"end":{"line":56,"column":null}},{"start":{"line":57,"column":24},"end":{"line":62,"column":null}}]},"1":{"loc":{"start":{"line":65,"column":21},"end":{"line":139,"column":null}},"type":"cond-expr","locations":[{"start":{"line":66,"column":24},"end":{"line":68,"column":null}},{"start":{"line":70,"column":24},"end":{"line":139,"column":null}}]}},"s":{"0":0,"1":0,"2":0,"3":0,"4":0,"5":0,"6":0,"7":0,"8":0,"9":0,"10":0,"11":0,"12":0,"13":0,"14":0,"15":0,"16":0,"17":0,"18":0},"f":{"0":0,"1":0,"2":0,"3":0},"b":{"0":[0,0],"1":[0,0]}}
,"C:/Users/Dimitar/Documents/GitHub/best-destinations-2025/client/src/components/destinations/Destinations.jsx": {"path":"C:/Users/Dimitar/Documents/GitHub/best-destinations-2025/client/src/components/destinations/Destinations.jsx","statementMap":{"0":{"start":{"line":8,"column":4},"end":{"line":8,"column":null}},"1":{"start":{"line":10,"column":50},"end":{"line":10,"column":null}},"2":{"start":{"line":11,"column":60},"end":{"line":11,"column":null}},"3":{"start":{"line":12,"column":50},"end":{"line":12,"column":null}},"4":{"start":{"line":14,"column":32},"end":{"line":22,"column":null}},"5":{"start":{"line":15,"column":8},"end":{"line":15,"column":null}},"6":{"start":{"line":17,"column":25},"end":{"line":17,"column":null}},"7":{"start":{"line":18,"column":32},"end":{"line":18,"column":null}},"8":{"start":{"line":19,"column":23},"end":{"line":19,"column":null}},"9":{"start":{"line":19,"column":58},"end":{"line":19,"column":125}},"10":{"start":{"line":20,"column":8},"end":{"line":20,"column":null}},"11":{"start":{"line":21,"column":8},"end":{"line":21,"column":null}},"12":{"start":{"line":24,"column":4},"end":{"line":113,"column":null}},"13":{"start":{"line":54,"column":28},"end":{"line":70,"column":null}},"14":{"start":{"line":81,"column":32},"end":{"line":97,"column":null}}},"fnMap":{"0":{"name":"Destinations","decl":{"start":{"line":7,"column":24},"end":{"line":7,"column":39}},"loc":{"start":{"line":7,"column":39},"end":{"line":115,"column":null}}},"1":{"name":"(anonymous_1)","decl":{"start":{"line":14,"column":32},"end":{"line":14,"column":33}},"loc":{"start":{"line":14,"column":39},"end":{"line":22,"column":null}}},"2":{"name":"(anonymous_2)","decl":{"start":{"line":19,"column":43},"end":{"line":19,"column":58}},"loc":{"start":{"line":19,"column":58},"end":{"line":19,"column":125}}},"3":{"name":"(anonymous_3)","decl":{"start":{"line":53,"column":49},"end":{"line":53,"column":50}},"loc":{"start":{"line":54,"column":28},"end":{"line":70,"column":null}}},"4":{"name":"(anonymous_4)","decl":{"start":{"line":80,"column":45},"end":{"line":80,"column":46}},"loc":{"start":{"line":81,"column":32},"end":{"line":97,"column":null}}}},"branchMap":{"0":{"loc":{"start":{"line":44,"column":17},"end":{"line":47,"column":null}},"type":"binary-expr","locations":[{"start":{"line":44,"column":17},"end":{"line":44,"column":null}},{"start":{"line":45,"column":20},"end":{"line":47,"column":null}}]},"1":{"loc":{"start":{"line":52,"column":21},"end":{"line":108,"column":null}},"type":"cond-expr","locations":[{"start":{"line":53,"column":24},"end":{"line":71,"column":null}},{"start":{"line":72,"column":24},"end":{"line":108,"column":null}}]},"2":{"loc":{"start":{"line":72,"column":24},"end":{"line":108,"column":null}},"type":"cond-expr","locations":[{"start":{"line":73,"column":24},"end":{"line":77,"column":null}},{"start":{"line":79,"column":24},"end":{"line":108,"column":null}}]},"3":{"loc":{"start":{"line":79,"column":24},"end":{"line":108,"column":null}},"type":"cond-expr","locations":[{"start":{"line":80,"column":28},"end":{"line":98,"column":null}},{"start":{"line":99,"column":28},"end":{"line":108,"column":null}}]},"4":{"loc":{"start":{"line":99,"column":28},"end":{"line":108,"column":null}},"type":"cond-expr","locations":[{"start":{"line":100,"column":30},"end":{"line":100,"column":null}},{"start":{"line":101,"column":30},"end":{"line":108,"column":null}}]},"5":{"loc":{"start":{"line":101,"column":30},"end":{"line":108,"column":null}},"type":"cond-expr","locations":[{"start":{"line":102,"column":32},"end":{"line":104,"column":null}},{"start":{"line":106,"column":32},"end":{"line":108,"column":null}}]}},"s":{"0":0,"1":0,"2":0,"3":0,"4":0,"5":0,"6":0,"7":0,"8":0,"9":0,"10":0,"11":0,"12":0,"13":0,"14":0},"f":{"0":0,"1":0,"2":0,"3":0,"4":0},"b":{"0":[0,0],"1":[0,0],"2":[0,0],"3":[0,0],"4":[0,0],"5":[0,0]}}
,"C:/Users/Dimitar/Documents/GitHub/best-destinations-2025/client/src/components/footer/Footer.jsx": {"path":"C:/Users/Dimitar/Documents/GitHub/best-destinations-2025/client/src/components/footer/Footer.jsx","statementMap":{"0":{"start":{"line":4,"column":4},"end":{"line":120,"column":null}},"1":{"start":{"line":125,"column":0},"end":{"line":132,"column":null}}},"fnMap":{"0":{"name":"Footer","decl":{"start":{"line":3,"column":24},"end":{"line":3,"column":33}},"loc":{"start":{"line":3,"column":33},"end":{"line":122,"column":null}}}},"branchMap":{},"s":{"0":0,"1":0},"f":{"0":0},"b":{}}
,"C:/Users/Dimitar/Documents/GitHub/best-destinations-2025/client/src/components/guards/AuthGuard.jsx": {"path":"C:/Users/Dimitar/Documents/GitHub/best-destinations-2025/client/src/components/guards/AuthGuard.jsx","statementMap":{"0":{"start":{"line":6,"column":32},"end":{"line":6,"column":null}},"1":{"start":{"line":8,"column":4},"end":{"line":10,"column":null}},"2":{"start":{"line":9,"column":8},"end":{"line":9,"column":null}},"3":{"start":{"line":12,"column":4},"end":{"line":12,"column":null}}},"fnMap":{"0":{"name":"AuthGuard","decl":{"start":{"line":5,"column":24},"end":{"line":5,"column":36}},"loc":{"start":{"line":5,"column":36},"end":{"line":13,"column":null}}}},"branchMap":{"0":{"loc":{"start":{"line":8,"column":4},"end":{"line":10,"column":null}},"type":"if","locations":[{"start":{"line":8,"column":4},"end":{"line":10,"column":null}},{"start":{},"end":{}}]}},"s":{"0":0,"1":0,"2":0,"3":0},"f":{"0":0},"b":{"0":[0,0]}}
,"C:/Users/Dimitar/Documents/GitHub/best-destinations-2025/client/src/components/guards/GuestGuard.jsx": {"path":"C:/Users/Dimitar/Documents/GitHub/best-destinations-2025/client/src/components/guards/GuestGuard.jsx","statementMap":{"0":{"start":{"line":6,"column":32},"end":{"line":6,"column":null}},"1":{"start":{"line":8,"column":4},"end":{"line":10,"column":null}},"2":{"start":{"line":9,"column":8},"end":{"line":9,"column":null}},"3":{"start":{"line":12,"column":4},"end":{"line":12,"column":null}}},"fnMap":{"0":{"name":"GuestGuard","decl":{"start":{"line":5,"column":24},"end":{"line":5,"column":37}},"loc":{"start":{"line":5,"column":37},"end":{"line":13,"column":null}}}},"branchMap":{"0":{"loc":{"start":{"line":8,"column":4},"end":{"line":10,"column":null}},"type":"if","locations":[{"start":{"line":8,"column":4},"end":{"line":10,"column":null}},{"start":{},"end":{}}]}},"s":{"0":0,"1":0,"2":0,"3":0},"f":{"0":0},"b":{"0":[0,0]}}
,"C:/Users/Dimitar/Documents/GitHub/best-destinations-2025/client/src/components/home/Home.jsx": {"path":"C:/Users/Dimitar/Documents/GitHub/best-destinations-2025/client/src/components/home/Home.jsx","statementMap":{"0":{"start":{"line":10,"column":4},"end":{"line":10,"column":null}},"1":{"start":{"line":12,"column":51},"end":{"line":12,"column":null}},"2":{"start":{"line":14,"column":4},"end":{"line":81,"column":null}},"3":{"start":{"line":39,"column":32},"end":{"line":68,"column":null}}},"fnMap":{"0":{"name":"Home","decl":{"start":{"line":9,"column":24},"end":{"line":9,"column":31}},"loc":{"start":{"line":9,"column":31},"end":{"line":83,"column":null}}},"1":{"name":"(anonymous_1)","decl":{"start":{"line":38,"column":52},"end":{"line":38,"column":null}},"loc":{"start":{"line":39,"column":32},"end":{"line":68,"column":null}}}},"branchMap":{"0":{"loc":{"start":{"line":29,"column":17},"end":{"line":32,"column":null}},"type":"binary-expr","locations":[{"start":{"line":29,"column":17},"end":{"line":29,"column":null}},{"start":{"line":30,"column":20},"end":{"line":32,"column":null}}]},"1":{"loc":{"start":{"line":35,"column":17},"end":{"line":76,"column":null}},"type":"binary-expr","locations":[{"start":{"line":35,"column":17},"end":{"line":35,"column":null}},{"start":{"line":36,"column":20},"end":{"line":76,"column":null}}]},"2":{"loc":{"start":{"line":36,"column":20},"end":{"line":76,"column":null}},"type":"cond-expr","locations":[{"start":{"line":37,"column":26},"end":{"line":71,"column":null}},{"start":{"line":72,"column":26},"end":{"line":76,"column":null}}]},"3":{"loc":{"start":{"line":72,"column":26},"end":{"line":76,"column":null}},"type":"cond-expr","locations":[{"start":{"line":73,"column":28},"end":{"line":75,"column":null}},{"start":{"line":76,"column":28},"end":{"line":76,"column":null}}]}},"s":{"0":0,"1":0,"2":0,"3":0},"f":{"0":0,"1":0},"b":{"0":[0,0],"1":[0,0],"2":[0,0],"3":[0,0]}}
,"C:/Users/Dimitar/Documents/GitHub/best-destinations-2025/client/src/components/login/Login.jsx": {"path":"C:/Users/Dimitar/Documents/GitHub/best-destinations-2025/client/src/components/login/Login.jsx","statementMap":{"0":{"start":{"line":13,"column":4},"end":{"line":13,"column":null}},"1":{"start":{"line":15,"column":21},"end":{"line":15,"column":null}},"2":{"start":{"line":16,"column":22},"end":{"line":16,"column":null}},"3":{"start":{"line":17,"column":33},"end":{"line":17,"column":null}},"4":{"start":{"line":18,"column":40},"end":{"line":18,"column":null}},"5":{"start":{"line":20,"column":38},"end":{"line":23,"column":null}},"6":{"start":{"line":25,"column":26},"end":{"line":27,"column":null}},"7":{"start":{"line":26,"column":8},"end":{"line":26,"column":null}},"8":{"start":{"line":29,"column":30},"end":{"line":46,"column":null}},"9":{"start":{"line":30,"column":8},"end":{"line":30,"column":null}},"10":{"start":{"line":32,"column":8},"end":{"line":44,"column":null}},"11":{"start":{"line":33,"column":29},"end":{"line":33,"column":null}},"12":{"start":{"line":34,"column":12},"end":{"line":34,"column":null}},"13":{"start":{"line":35,"column":12},"end":{"line":35,"column":null}},"14":{"start":{"line":36,"column":12},"end":{"line":36,"column":null}},"15":{"start":{"line":38,"column":12},"end":{"line":38,"column":null}},"16":{"start":{"line":39,"column":12},"end":{"line":39,"column":null}},"17":{"start":{"line":39,"column":35},"end":{"line":39,"column":62}},"18":{"start":{"line":41,"column":12},"end":{"line":43,"column":null}},"19":{"start":{"line":42,"column":16},"end":{"line":42,"column":null}},"20":{"start":{"line":49,"column":4},"end":{"line":121,"column":null}}},"fnMap":{"0":{"name":"Login","decl":{"start":{"line":12,"column":24},"end":{"line":12,"column":32}},"loc":{"start":{"line":12,"column":32},"end":{"line":123,"column":null}}},"1":{"name":"(anonymous_1)","decl":{"start":{"line":25,"column":26},"end":{"line":25,"column":27}},"loc":{"start":{"line":25,"column":33},"end":{"line":27,"column":null}}},"2":{"name":"(anonymous_2)","decl":{"start":{"line":29,"column":30},"end":{"line":29,"column":37}},"loc":{"start":{"line":29,"column":43},"end":{"line":46,"column":null}}},"3":{"name":"(anonymous_3)","decl":{"start":{"line":39,"column":25},"end":{"line":39,"column":35}},"loc":{"start":{"line":39,"column":35},"end":{"line":39,"column":62}}},"4":{"name":"(anonymous_4)","decl":{"start":{"line":41,"column":23},"end":{"line":41,"column":29}},"loc":{"start":{"line":41,"column":29},"end":{"line":43,"column":15}}}},"branchMap":{"0":{"loc":{"start":{"line":56,"column":17},"end":{"line":62,"column":null}},"type":"binary-expr","locations":[{"start":{"line":56,"column":17},"end":{"line":56,"column":null}},{"start":{"line":57,"column":20},"end":{"line":62,"column":null}}]}},"s":{"0":0,"1":0,"2":0,"3":0,"4":0,"5":0,"6":0,"7":0,"8":0,"9":0,"10":0,"11":0,"12":0,"13":0,"14":0,"15":0,"16":0,"17":0,"18":0,"19":0,"20":0},"f":{"0":0,"1":0,"2":0,"3":0,"4":0},"b":{"0":[0,0]}}
,"C:/Users/Dimitar/Documents/GitHub/best-destinations-2025/client/src/components/logout/Logout.jsx": {"path":"C:/Users/Dimitar/Documents/GitHub/best-destinations-2025/client/src/components/logout/Logout.jsx","statementMap":{"0":{"start":{"line":5,"column":28},"end":{"line":5,"column":null}},"1":{"start":{"line":7,"column":4},"end":{"line":11,"column":null}}},"fnMap":{"0":{"name":"Logout","decl":{"start":{"line":4,"column":24},"end":{"line":4,"column":33}},"loc":{"start":{"line":4,"column":33},"end":{"line":12,"column":null}}}},"branchMap":{"0":{"loc":{"start":{"line":7,"column":11},"end":{"line":11,"column":null}},"type":"cond-expr","locations":[{"start":{"line":8,"column":10},"end":{"line":8,"column":null}},{"start":{"line":9,"column":11},"end":{"line":11,"column":null}}]}},"s":{"0":0,"1":0},"f":{"0":0},"b":{"0":[0,0]}}
,"C:/Users/Dimitar/Documents/GitHub/best-destinations-2025/client/src/components/navigation/Navigation.jsx": {"path":"C:/Users/Dimitar/Documents/GitHub/best-destinations-2025/client/src/components/navigation/Navigation.jsx","statementMap":{"0":{"start":{"line":9,"column":48},"end":{"line":9,"column":null}},"1":{"start":{"line":10,"column":42},"end":{"line":10,"column":null}},"2":{"start":{"line":12,"column":4},"end":{"line":133,"column":null}},"3":{"start":{"line":19,"column":43},"end":{"line":19,"column":null}},"4":{"start":{"line":28,"column":28},"end":{"line":28,"column":null}},"5":{"start":{"line":34,"column":28},"end":{"line":34,"column":null}},"6":{"start":{"line":40,"column":28},"end":{"line":40,"column":null}},"7":{"start":{"line":48,"column":36},"end":{"line":48,"column":null}},"8":{"start":{"line":54,"column":36},"end":{"line":54,"column":null}},"9":{"start":{"line":62,"column":36},"end":{"line":62,"column":null}},"10":{"start":{"line":68,"column":36},"end":{"line":68,"column":null}},"11":{"start":{"line":80,"column":36},"end":{"line":80,"column":null}},"12":{"start":{"line":101,"column":43},"end":{"line":101,"column":null}},"13":{"start":{"line":111,"column":77},"end":{"line":111,"column":245}},"14":{"start":{"line":112,"column":82},"end":{"line":112,"column":250}},"15":{"start":{"line":113,"column":93},"end":{"line":113,"column":261}},"16":{"start":{"line":117,"column":108},"end":{"line":117,"column":276}},"17":{"start":{"line":118,"column":95},"end":{"line":118,"column":263}},"18":{"start":{"line":123,"column":97},"end":{"line":123,"column":265}},"19":{"start":{"line":124,"column":94},"end":{"line":124,"column":262}}},"fnMap":{"0":{"name":"Navigation","decl":{"start":{"line":7,"column":24},"end":{"line":7,"column":37}},"loc":{"start":{"line":7,"column":37},"end":{"line":135,"column":null}}},"1":{"name":"(anonymous_1)","decl":{"start":{"line":19,"column":37},"end":{"line":19,"column":43}},"loc":{"start":{"line":19,"column":43},"end":{"line":19,"column":null}}},"2":{"name":"(anonymous_2)","decl":{"start":{"line":27,"column":51},"end":{"line":27,"column":52}},"loc":{"start":{"line":28,"column":28},"end":{"line":28,"column":null}}},"3":{"name":"(anonymous_3)","decl":{"start":{"line":33,"column":67},"end":{"line":33,"column":68}},"loc":{"start":{"line":34,"column":28},"end":{"line":34,"column":null}}},"4":{"name":"(anonymous_4)","decl":{"start":{"line":39,"column":56},"end":{"line":39,"column":57}},"loc":{"start":{"line":40,"column":28},"end":{"line":40,"column":null}}},"5":{"name":"(anonymous_5)","decl":{"start":{"line":47,"column":78},"end":{"line":47,"column":79}},"loc":{"start":{"line":48,"column":36},"end":{"line":48,"column":null}}},"6":{"name":"(anonymous_6)","decl":{"start":{"line":53,"column":65},"end":{"line":53,"column":66}},"loc":{"start":{"line":54,"column":36},"end":{"line":54,"column":null}}},"7":{"name":"(anonymous_7)","decl":{"start":{"line":61,"column":67},"end":{"line":61,"column":68}},"loc":{"start":{"line":62,"column":36},"end":{"line":62,"column":null}}},"8":{"name":"(anonymous_8)","decl":{"start":{"line":67,"column":64},"end":{"line":67,"column":65}},"loc":{"start":{"line":68,"column":36},"end":{"line":68,"column":null}}},"9":{"name":"(anonymous_9)","decl":{"start":{"line":79,"column":43},"end":{"line":79,"column":44}},"loc":{"start":{"line":80,"column":36},"end":{"line":80,"column":null}}},"10":{"name":"(anonymous_10)","decl":{"start":{"line":101,"column":37},"end":{"line":101,"column":43}},"loc":{"start":{"line":101,"column":43},"end":{"line":101,"column":null}}},"11":{"name":"(anonymous_11)","decl":{"start":{"line":111,"column":59},"end":{"line":111,"column":60}},"loc":{"start":{"line":111,"column":77},"end":{"line":111,"column":245}}},"12":{"name":"(anonymous_12)","decl":{"start":{"line":112,"column":64},"end":{"line":112,"column":65}},"loc":{"start":{"line":112,"column":82},"end":{"line":112,"column":250}}},"13":{"name":"(anonymous_13)","decl":{"start":{"line":113,"column":75},"end":{"line":113,"column":76}},"loc":{"start":{"line":113,"column":93},"end":{"line":113,"column":261}}},"14":{"name":"(anonymous_14)","decl":{"start":{"line":117,"column":90},"end":{"line":117,"column":91}},"loc":{"start":{"line":117,"column":108},"end":{"line":117,"column":276}}},"15":{"name":"(anonymous_15)","decl":{"start":{"line":118,"column":77},"end":{"line":118,"column":78}},"loc":{"start":{"line":118,"column":95},"end":{"line":118,"column":263}}},"16":{"name":"(anonymous_16)","decl":{"start":{"line":123,"column":79},"end":{"line":123,"column":80}},"loc":{"start":{"line":123,"column":97},"end":{"line":123,"column":265}}},"17":{"name":"(anonymous_17)","decl":{"start":{"line":124,"column":76},"end":{"line":124,"column":77}},"loc":{"start":{"line":124,"column":94},"end":{"line":124,"column":262}}}},"branchMap":{"0":{"loc":{"start":{"line":28,"column":53},"end":{"line":28,"column":124}},"type":"cond-expr","locations":[{"start":{"line":28,"column":64},"end":{"line":28,"column":109}},{"start":{"line":28,"column":109},"end":{"line":28,"column":124}}]},"1":{"loc":{"start":{"line":34,"column":53},"end":{"line":34,"column":124}},"type":"cond-expr","locations":[{"start":{"line":34,"column":64},"end":{"line":34,"column":109}},{"start":{"line":34,"column":109},"end":{"line":34,"column":124}}]},"2":{"loc":{"start":{"line":40,"column":53},"end":{"line":40,"column":124}},"type":"cond-expr","locations":[{"start":{"line":40,"column":64},"end":{"line":40,"column":109}},{"start":{"line":40,"column":109},"end":{"line":40,"column":124}}]},"3":{"loc":{"start":{"line":45,"column":25},"end":{"line":72,"column":null}},"type":"cond-expr","locations":[{"start":{"line":46,"column":28},"end":{"line":58,"column":null}},{"start":{"line":60,"column":28},"end":{"line":72,"column":null}}]},"4":{"loc":{"start":{"line":48,"column":61},"end":{"line":48,"column":132}},"type":"cond-expr","locations":[{"start":{"line":48,"column":72},"end":{"line":48,"column":117}},{"start":{"line":48,"column":117},"end":{"line":48,"column":132}}]},"5":{"loc":{"start":{"line":54,"column":61},"end":{"line":54,"column":132}},"type":"cond-expr","locations":[{"start":{"line":54,"column":72},"end":{"line":54,"column":117}},{"start":{"line":54,"column":117},"end":{"line":54,"column":132}}]},"6":{"loc":{"start":{"line":62,"column":61},"end":{"line":62,"column":132}},"type":"cond-expr","locations":[{"start":{"line":62,"column":72},"end":{"line":62,"column":117}},{"start":{"line":62,"column":117},"end":{"line":62,"column":132}}]},"7":{"loc":{"start":{"line":68,"column":61},"end":{"line":68,"column":132}},"type":"cond-expr","locations":[{"start":{"line":68,"column":72},"end":{"line":68,"column":117}},{"start":{"line":68,"column":117},"end":{"line":68,"column":132}}]},"8":{"loc":{"start":{"line":75,"column":21},"end":{"line":90,"column":null}},"type":"binary-expr","locations":[{"start":{"line":75,"column":21},"end":{"line":75,"column":null}},{"start":{"line":76,"column":24},"end":{"line":90,"column":null}}]},"9":{"loc":{"start":{"line":80,"column":61},"end":{"line":80,"column":132}},"type":"cond-expr","locations":[{"start":{"line":80,"column":72},"end":{"line":80,"column":117}},{"start":{"line":80,"column":117},"end":{"line":80,"column":132}}]},"10":{"loc":{"start":{"line":111,"column":170},"end":{"line":111,"column":241}},"type":"cond-expr","locations":[{"start":{"line":111,"column":181},"end":{"line":111,"column":226}},{"start":{"line":111,"column":226},"end":{"line":111,"column":241}}]},"11":{"loc":{"start":{"line":112,"column":175},"end":{"line":112,"column":246}},"type":"cond-expr","locations":[{"start":{"line":112,"column":186},"end":{"line":112,"column":231}},{"start":{"line":112,"column":231},"end":{"line":112,"column":246}}]},"12":{"loc":{"start":{"line":113,"column":186},"end":{"line":113,"column":257}},"type":"cond-expr","locations":[{"start":{"line":113,"column":197},"end":{"line":113,"column":242}},{"start":{"line":113,"column":242},"end":{"line":113,"column":257}}]},"13":{"loc":{"start":{"line":114,"column":33},"end":{"line":125,"column":null}},"type":"cond-expr","locations":[{"start":{"line":116,"column":40},"end":{"line":119,"column":null}},{"start":{"line":122,"column":40},"end":{"line":125,"column":null}}]},"14":{"loc":{"start":{"line":117,"column":201},"end":{"line":117,"column":272}},"type":"cond-expr","locations":[{"start":{"line":117,"column":212},"end":{"line":117,"column":257}},{"start":{"line":117,"column":257},"end":{"line":117,"column":272}}]},"15":{"loc":{"start":{"line":118,"column":188},"end":{"line":118,"column":259}},"type":"cond-expr","locations":[{"start":{"line":118,"column":199},"end":{"line":118,"column":244}},{"start":{"line":118,"column":244},"end":{"line":118,"column":259}}]},"16":{"loc":{"start":{"line":123,"column":190},"end":{"line":123,"column":261}},"type":"cond-expr","locations":[{"start":{"line":123,"column":201},"end":{"line":123,"column":246}},{"start":{"line":123,"column":246},"end":{"line":123,"column":261}}]},"17":{"loc":{"start":{"line":124,"column":187},"end":{"line":124,"column":258}},"type":"cond-expr","locations":[{"start":{"line":124,"column":198},"end":{"line":124,"column":243}},{"start":{"line":124,"column":243},"end":{"line":124,"column":258}}]}},"s":{"0":0,"1":0,"2":0,"3":0,"4":0,"5":0,"6":0,"7":0,"8":0,"9":0,"10":0,"11":0,"12":0,"13":0,"14":0,"15":0,"16":0,"17":0,"18":0,"19":0},"f":{"0":0,"1":0,"2":0,"3":0,"4":0,"5":0,"6":0,"7":0,"8":0,"9":0,"10":0,"11":0,"12":0,"13":0,"14":0,"15":0,"16":0,"17":0},"b":{"0":[0,0],"1":[0,0],"2":[0,0],"3":[0,0],"4":[0,0],"5":[0,0],"6":[0,0],"7":[0,0],"8":[0,0],"9":[0,0],"10":[0,0],"11":[0,0],"12":[0,0],"13":[0,0],"14":[0,0],"15":[0,0],"16":[0,0],"17":[0,0]}}
,"C:/Users/Dimitar/Documents/GitHub/best-destinations-2025/client/src/components/not-found/Notfound.jsx": {"path":"C:/Users/Dimitar/Documents/GitHub/best-destinations-2025/client/src/components/not-found/Notfound.jsx","statementMap":{"0":{"start":{"line":4,"column":4},"end":{"line":27,"column":null}}},"fnMap":{"0":{"name":"Notfound","decl":{"start":{"line":3,"column":24},"end":{"line":3,"column":35}},"loc":{"start":{"line":3,"column":35},"end":{"line":29,"column":null}}}},"branchMap":{},"s":{"0":0},"f":{"0":0},"b":{}}
,"C:/Users/Dimitar/Documents/GitHub/best-destinations-2025/client/src/components/profile-page/Profile.jsx": {"path":"C:/Users/Dimitar/Documents/GitHub/best-destinations-2025/client/src/components/profile-page/Profile.jsx","statementMap":{"0":{"start":{"line":5,"column":32},"end":{"line":5,"column":null}},"1":{"start":{"line":7,"column":4},"end":{"line":25,"column":null}}},"fnMap":{"0":{"name":"Profile","decl":{"start":{"line":3,"column":24},"end":{"line":3,"column":34}},"loc":{"start":{"line":3,"column":34},"end":{"line":27,"column":null}}}},"branchMap":{},"s":{"0":0,"1":0},"f":{"0":0},"b":{}}
,"C:/Users/Dimitar/Documents/GitHub/best-destinations-2025/client/src/components/register/Register.jsx": {"path":"C:/Users/Dimitar/Documents/GitHub/best-destinations-2025/client/src/components/register/Register.jsx","statementMap":{"0":{"start":{"line":10,"column":4},"end":{"line":10,"column":null}},"1":{"start":{"line":12,"column":21},"end":{"line":12,"column":null}},"2":{"start":{"line":13,"column":25},"end":{"line":13,"column":null}},"3":{"start":{"line":14,"column":33},"end":{"line":14,"column":null}},"4":{"start":{"line":15,"column":46},"end":{"line":15,"column":null}},"5":{"start":{"line":17,"column":38},"end":{"line":22,"column":null}},"6":{"start":{"line":24,"column":26},"end":{"line":26,"column":null}},"7":{"start":{"line":25,"column":8},"end":{"line":25,"column":null}},"8":{"start":{"line":28,"column":30},"end":{"line":43,"column":null}},"9":{"start":{"line":29,"column":8},"end":{"line":29,"column":null}},"10":{"start":{"line":31,"column":8},"end":{"line":42,"column":null}},"11":{"start":{"line":32,"column":29},"end":{"line":32,"column":null}},"12":{"start":{"line":33,"column":12},"end":{"line":33,"column":null}},"13":{"start":{"line":34,"column":12},"end":{"line":34,"column":null}},"14":{"start":{"line":36,"column":12},"end":{"line":36,"column":null}},"15":{"start":{"line":37,"column":12},"end":{"line":37,"column":null}},"16":{"start":{"line":37,"column":35},"end":{"line":37,"column":78}},"17":{"start":{"line":39,"column":12},"end":{"line":41,"column":null}},"18":{"start":{"line":40,"column":16},"end":{"line":40,"column":null}},"19":{"start":{"line":44,"column":4},"end":{"line":153,"column":null}}},"fnMap":{"0":{"name":"Register","decl":{"start":{"line":9,"column":24},"end":{"line":9,"column":35}},"loc":{"start":{"line":9,"column":35},"end":{"line":155,"column":null}}},"1":{"name":"(anonymous_1)","decl":{"start":{"line":24,"column":26},"end":{"line":24,"column":27}},"loc":{"start":{"line":24,"column":33},"end":{"line":26,"column":null}}},"2":{"name":"(anonymous_2)","decl":{"start":{"line":28,"column":30},"end":{"line":28,"column":37}},"loc":{"start":{"line":28,"column":43},"end":{"line":43,"column":null}}},"3":{"name":"(anonymous_3)","decl":{"start":{"line":37,"column":25},"end":{"line":37,"column":35}},"loc":{"start":{"line":37,"column":35},"end":{"line":37,"column":78}}},"4":{"name":"(anonymous_4)","decl":{"start":{"line":39,"column":23},"end":{"line":39,"column":29}},"loc":{"start":{"line":39,"column":29},"end":{"line":41,"column":15}}}},"branchMap":{"0":{"loc":{"start":{"line":51,"column":17},"end":{"line":57,"column":null}},"type":"binary-expr","locations":[{"start":{"line":51,"column":17},"end":{"line":51,"column":null}},{"start":{"line":52,"column":20},"end":{"line":57,"column":null}}]}},"s":{"0":0,"1":0,"2":0,"3":0,"4":0,"5":0,"6":0,"7":0,"8":0,"9":0,"10":0,"11":0,"12":0,"13":0,"14":0,"15":0,"16":0,"17":0,"18":0,"19":0},"f":{"0":0,"1":0,"2":0,"3":0,"4":0},"b":{"0":[0,0]}}
,"C:/Users/Dimitar/Documents/GitHub/best-destinations-2025/client/src/contexts/UserContext.js": {"path":"C:/Users/Dimitar/Documents/GitHub/best-destinations-2025/client/src/contexts/UserContext.js","statementMap":{"0":{"start":{"line":3,"column":27},"end":{"line":10,"column":2}},"1":{"start":{"line":8,"column":26},"end":{"line":8,"column":30}},"2":{"start":{"line":9,"column":27},"end":{"line":9,"column":31}}},"fnMap":{"0":{"name":"(anonymous_0)","decl":{"start":{"line":8,"column":20},"end":{"line":8,"column":21}},"loc":{"start":{"line":8,"column":26},"end":{"line":8,"column":30}}},"1":{"name":"(anonymous_1)","decl":{"start":{"line":9,"column":21},"end":{"line":9,"column":22}},"loc":{"start":{"line":9,"column":27},"end":{"line":9,"column":31}}}},"branchMap":{},"s":{"0":0,"1":0,"2":0},"f":{"0":0,"1":0},"b":{}}
,"C:/Users/Dimitar/Documents/GitHub/best-destinations-2025/client/src/hooks/useAuth.js": {"path":"C:/Users/Dimitar/Documents/GitHub/best-destinations-2025/client/src/hooks/useAuth.js","statementMap":{"0":{"start":{"line":5,"column":21},"end":{"line":5,"column":44}},"1":{"start":{"line":7,"column":33},"end":{"line":11,"column":5}},"2":{"start":{"line":13,"column":4},"end":{"line":17,"column":5}}},"fnMap":{"0":{"name":"useAuth","decl":{"start":{"line":4,"column":24},"end":{"line":4,"column":31}},"loc":{"start":{"line":4,"column":34},"end":{"line":18,"column":null}}}},"branchMap":{},"s":{"0":0,"1":0,"2":0},"f":{"0":0},"b":{}}
,"C:/Users/Dimitar/Documents/GitHub/best-destinations-2025/client/src/hooks/usePersistedState.js": {"path":"C:/Users/Dimitar/Documents/GitHub/best-destinations-2025/client/src/hooks/usePersistedState.js","statementMap":{"0":{"start":{"line":5,"column":30},"end":{"line":14,"column":6}},"1":{"start":{"line":6,"column":31},"end":{"line":6,"column":61}},"2":{"start":{"line":8,"column":8},"end":{"line":10,"column":9}},"3":{"start":{"line":9,"column":12},"end":{"line":9,"column":86}},"4":{"start":{"line":12,"column":35},"end":{"line":12,"column":61}},"5":{"start":{"line":13,"column":8},"end":{"line":13,"column":34}},"6":{"start":{"line":16,"column":29},"end":{"line":23,"column":5}},"7":{"start":{"line":18,"column":21},"end":{"line":18,"column":71}},"8":{"start":{"line":19,"column":30},"end":{"line":19,"column":50}},"9":{"start":{"line":20,"column":8},"end":{"line":20,"column":53}},"10":{"start":{"line":22,"column":8},"end":{"line":22,"column":22}},"11":{"start":{"line":25,"column":4},"end":{"line":28,"column":5}}},"fnMap":{"0":{"name":"usePersistedState","decl":{"start":{"line":3,"column":24},"end":{"line":3,"column":41}},"loc":{"start":{"line":3,"column":65},"end":{"line":29,"column":null}}},"1":{"name":"(anonymous_1)","decl":{"start":{"line":5,"column":39},"end":{"line":5,"column":40}},"loc":{"start":{"line":5,"column":45},"end":{"line":14,"column":5}}},"2":{"name":"(anonymous_2)","decl":{"start":{"line":16,"column":29},"end":{"line":16,"column":30}},"loc":{"start":{"line":16,"column":40},"end":{"line":23,"column":5}}}},"branchMap":{"0":{"loc":{"start":{"line":8,"column":8},"end":{"line":10,"column":9}},"type":"if","locations":[{"start":{"line":8,"column":8},"end":{"line":10,"column":9}},{"start":{},"end":{}}]},"1":{"loc":{"start":{"line":9,"column":19},"end":{"line":9,"column":85}},"type":"cond-expr","locations":[{"start":{"line":9,"column":56},"end":{"line":9,"column":70}},{"start":{"line":9,"column":73},"end":{"line":9,"column":85}}]},"2":{"loc":{"start":{"line":18,"column":21},"end":{"line":18,"column":71}},"type":"cond-expr","locations":[{"start":{"line":18,"column":51},"end":{"line":18,"column":63}},{"start":{"line":18,"column":66},"end":{"line":18,"column":71}}]}},"s":{"0":0,"1":0,"2":0,"3":0,"4":0,"5":0,"6":0,"7":0,"8":0,"9":0,"10":0,"11":0},"f":{"0":0,"1":0,"2":0},"b":{"0":[0,0],"1":[0,0],"2":[0,0]}}
,"C:/Users/Dimitar/Documents/GitHub/best-destinations-2025/client/src/hooks/useSetError.js": {"path":"C:/Users/Dimitar/Documents/GitHub/best-destinations-2025/client/src/hooks/useSetError.js","statementMap":{"0":{"start":{"line":5,"column":30},"end":{"line":5,"column":52}},"1":{"start":{"line":7,"column":4},"end":{"line":10,"column":5}}},"fnMap":{"0":{"name":"useSetError","decl":{"start":{"line":3,"column":24},"end":{"line":3,"column":35}},"loc":{"start":{"line":3,"column":50},"end":{"line":11,"column":null}}}},"branchMap":{},"s":{"0":0,"1":0},"f":{"0":0},"b":{}}
,"C:/Users/Dimitar/Documents/GitHub/best-destinations-2025/client/src/hooks/useStateHook.js": {"path":"C:/Users/Dimitar/Documents/GitHub/best-destinations-2025/client/src/hooks/useStateHook.js","statementMap":{"0":{"start":{"line":4,"column":30},"end":{"line":4,"column":53}},"1":{"start":{"line":6,"column":4},"end":{"line":9,"column":5}}},"fnMap":{"0":{"name":"useStateHook","decl":{"start":{"line":3,"column":24},"end":{"line":3,"column":36}},"loc":{"start":{"line":3,"column":52},"end":{"line":10,"column":null}}}},"branchMap":{},"s":{"0":0,"1":0},"f":{"0":0},"b":{}}
,"C:/Users/Dimitar/Documents/GitHub/best-destinations-2025/client/src/providers/UserProvider.jsx": {"path":"C:/Users/Dimitar/Documents/GitHub/best-destinations-2025/client/src/providers/UserProvider.jsx","statementMap":{"0":{"start":{"line":7,"column":36},"end":{"line":7,"column":null}},"1":{"start":{"line":9,"column":29},"end":{"line":11,"column":null}},"2":{"start":{"line":10,"column":8},"end":{"line":10,"column":null}},"3":{"start":{"line":13,"column":30},"end":{"line":15,"column":null}},"4":{"start":{"line":14,"column":8},"end":{"line":14,"column":null}},"5":{"start":{"line":17,"column":4},"end":{"line":20,"column":null}}},"fnMap":{"0":{"name":"UserProvider","decl":{"start":{"line":4,"column":24},"end":{"line":4,"column":37}},"loc":{"start":{"line":6,"column":3},"end":{"line":22,"column":null}}},"1":{"name":"(anonymous_1)","decl":{"start":{"line":9,"column":29},"end":{"line":9,"column":30}},"loc":{"start":{"line":9,"column":43},"end":{"line":11,"column":null}}},"2":{"name":"(anonymous_2)","decl":{"start":{"line":13,"column":30},"end":{"line":13,"column":36}},"loc":{"start":{"line":13,"column":36},"end":{"line":15,"column":null}}}},"branchMap":{},"s":{"0":0,"1":0,"2":0,"3":0,"4":0,"5":0},"f":{"0":0,"1":0,"2":0},"b":{}}
,"C:/Users/Dimitar/Documents/GitHub/best-destinations-2025/client/src/utils/formatDate.js": {"path":"C:/Users/Dimitar/Documents/GitHub/best-destinations-2025/client/src/utils/formatDate.js","statementMap":{"0":{"start":{"line":3,"column":17},"end":{"line":3,"column":33}},"1":{"start":{"line":4,"column":26},"end":{"line":4,"column":111}},"2":{"start":{"line":6,"column":4},"end":{"line":6,"column":25}}},"fnMap":{"0":{"name":"formatDate","decl":{"start":{"line":1,"column":24},"end":{"line":1,"column":34}},"loc":{"start":{"line":1,"column":42},"end":{"line":7,"column":null}}}},"branchMap":{},"s":{"0":0,"1":0,"2":0},"f":{"0":0},"b":{}}
,"C:/Users/Dimitar/Documents/GitHub/best-destinations-2025/client/src/utils/request.js": {"path":"C:/Users/Dimitar/Documents/GitHub/best-destinations-2025/client/src/utils/request.js","statementMap":{"0":{"start":{"line":3,"column":4},"end":{"line":5,"column":5}},"1":{"start":{"line":4,"column":8},"end":{"line":4,"column":32}},"2":{"start":{"line":7,"column":4},"end":{"line":16,"column":5}},"3":{"start":{"line":8,"column":8},"end":{"line":15,"column":9}},"4":{"start":{"line":18,"column":21},"end":{"line":18,"column":46}},"5":{"start":{"line":19,"column":32},"end":{"line":19,"column":68}},"6":{"start":{"line":20,"column":4},"end":{"line":22,"column":5}},"7":{"start":{"line":21,"column":8},"end":{"line":21,"column":15}},"8":{"start":{"line":23,"column":19},"end":{"line":23,"column":40}},"9":{"start":{"line":25,"column":4},"end":{"line":25,"column":18}}},"fnMap":{"0":{"name":"request","decl":{"start":{"line":1,"column":30},"end":{"line":1,"column":37}},"loc":{"start":{"line":1,"column":71},"end":{"line":26,"column":1}}}},"branchMap":{"0":{"loc":{"start":{"line":1,"column":58},"end":{"line":1,"column":70}},"type":"default-arg","locations":[{"start":{"line":1,"column":68},"end":{"line":1,"column":70}}]},"1":{"loc":{"start":{"line":3,"column":4},"end":{"line":5,"column":5}},"type":"if","locations":[{"start":{"line":3,"column":4},"end":{"line":5,"column":5}},{"start":{},"end":{}}]},"2":{"loc":{"start":{"line":7,"column":4},"end":{"line":16,"column":5}},"type":"if","locations":[{"start":{"line":7,"column":4},"end":{"line":16,"column":5}},{"start":{},"end":{}}]},"3":{"loc":{"start":{"line":20,"column":4},"end":{"line":22,"column":5}},"type":"if","locations":[{"start":{"line":20,"column":4},"end":{"line":22,"column":5}},{"start":{},"end":{}}]}},"s":{"0":0,"1":0,"2":0,"3":0,"4":0,"5":0,"6":0,"7":0,"8":0,"9":0},"f":{"0":0},"b":{"0":[0],"1":[0,0],"2":[0,0],"3":[0,0]}}
}
